2019-05-03 13:40:11 8424 [Note] Plugin 'FEDERATED' is disabled.
2019-05-03 13:40:11 8424 [Note] InnoDB: Using atomics to ref count buffer pool pages
2019-05-03 13:40:11 8424 [Note] InnoDB: The InnoDB memory heap is disabled
2019-05-03 13:40:11 8424 [Note] InnoDB: Mutexes and rw_locks use Windows interlocked functions
2019-05-03 13:40:11 8424 [Note] InnoDB: Memory barrier is not used
2019-05-03 13:40:11 8424 [Note] InnoDB: Compressed tables use zlib 1.2.3
2019-05-03 13:40:11 8424 [Note] InnoDB: Not using CPU crc32 instructions
2019-05-03 13:40:11 8424 [Note] InnoDB: Initializing buffer pool, size = 32.0M
2019-05-03 13:40:11 8424 [Note] InnoDB: Completed initialization of buffer pool
2019-05-03 13:40:11 8424 [Note] InnoDB: Highest supported file format is Barracuda.
2019-05-03 13:40:11 8424 [Note] InnoDB: 128 rollback segment(s) are active.
2019-05-03 13:40:11 8424 [Note] InnoDB: Waiting for purge to start
2019-05-03 13:40:11 8424 [Note] InnoDB: 5.6.35 started; log sequence number 1771182
2019-05-03 13:40:11 8424 [Warning] No existing UUID has been found, so we assume that this is the first time that this server has been started. Generating a new UUID: eb022cb8-6d65-11e9-ac39-a52def2b08a7.
2019-05-03 13:40:11 8424 [Note] Server hostname (bind-address): '127.0.0.1'; port: 3306
2019-05-03 13:40:11 8424 [Note]   - '127.0.0.1' resolves to '127.0.0.1';
2019-05-03 13:40:11 8424 [Note] Server socket created on IP: '127.0.0.1'.
2019-05-03 13:40:11 8424 [Note] Event Scheduler: Loaded 0 events
2019-05-03 13:40:11 8424 [Note] C:\Users\nhi\Desktop\UniServerZ\core\mysql\bin\mysqld_z.exe: ready for connections.
Version: '5.6.35'  socket: ''  port: 3306  MySQL Community Server (GPL)
2019-05-03 14:45:46 8424 [ERROR] C:\Users\nhi\Desktop\UniServerZ\core\mysql\bin\mysqld_z.exe: Can't find file: '.\asp\@8cc7@6599@8868.frm' (errno: 22 - Invalid argument)
2019-05-10 13:27:11 3016 [Note] Plugin 'FEDERATED' is disabled.
2019-05-10 13:27:11 3016 [Note] InnoDB: Using atomics to ref count buffer pool pages
2019-05-10 13:27:11 3016 [Note] InnoDB: The InnoDB memory heap is disabled
2019-05-10 13:27:11 3016 [Note] InnoDB: Mutexes and rw_locks use Windows interlocked functions
2019-05-10 13:27:11 3016 [Note] InnoDB: Memory barrier is not used
2019-05-10 13:27:11 3016 [Note] InnoDB: Compressed tables use zlib 1.2.3
2019-05-10 13:27:11 3016 [Note] InnoDB: Not using CPU crc32 instructions
2019-05-10 13:27:11 3016 [Note] InnoDB: Initializing buffer pool, size = 32.0M
2019-05-10 13:27:11 3016 [Note] InnoDB: Completed initialization of buffer pool
2019-05-10 13:27:11 3016 [Note] InnoDB: Highest supported file format is Barracuda.
2019-05-10 13:27:11 3016 [Note] InnoDB: The log sequence numbers 1771182 and 1771182 in ibdata files do not match the log sequence number 1794918 in the ib_logfiles!
2019-05-10 13:27:11 3016 [Note] InnoDB: Database was not shutdown normally!
2019-05-10 13:27:11 3016 [Note] InnoDB: Starting crash recovery.
2019-05-10 13:27:11 3016 [Note] InnoDB: Reading tablespace information from the .ibd files...
2019-05-10 13:27:12 3016 [Note] InnoDB: Restoring possible half-written data pages 
2019-05-10 13:27:12 3016 [Note] InnoDB: from the doublewrite buffer...
2019-05-10 13:27:12 3016 [Note] InnoDB: 128 rollback segment(s) are active.
2019-05-10 13:27:12 3016 [Note] InnoDB: Waiting for purge to start
2019-05-10 13:27:12 3016 [Note] InnoDB: 5.6.35 started; log sequence number 1794918
2019-05-10 13:27:12 3016 [Note] Server hostname (bind-address): '127.0.0.1'; port: 3306
2019-05-10 13:27:12 3016 [Note]   - '127.0.0.1' resolves to '127.0.0.1';
2019-05-10 13:27:12 3016 [Note] Server socket created on IP: '127.0.0.1'.
2019-05-10 13:27:12 3016 [Note] Event Scheduler: Loaded 0 events
2019-05-10 13:27:12 3016 [Note] C:\Users\nhi\Desktop\UniServerZ\core\mysql\bin\mysqld_z.exe: ready for connections.
Version: '5.6.35'  socket: ''  port: 3306  MySQL Community Server (GPL)
2019-05-18 13:08:45 8768 [Note] Plugin 'FEDERATED' is disabled.
2019-05-18 13:08:45 8768 [Note] InnoDB: Using atomics to ref count buffer pool pages
2019-05-18 13:08:45 8768 [Note] InnoDB: The InnoDB memory heap is disabled
2019-05-18 13:08:45 8768 [Note] InnoDB: Mutexes and rw_locks use Windows interlocked functions
2019-05-18 13:08:45 8768 [Note] InnoDB: Memory barrier is not used
2019-05-18 13:08:45 8768 [Note] InnoDB: Compressed tables use zlib 1.2.3
2019-05-18 13:08:45 8768 [Note] InnoDB: Not using CPU crc32 instructions
2019-05-18 13:08:45 8768 [Note] InnoDB: Initializing buffer pool, size = 32.0M
2019-05-18 13:08:45 8768 [Note] InnoDB: Completed initialization of buffer pool
2019-05-18 13:08:45 8768 [Note] InnoDB: Highest supported file format is Barracuda.
2019-05-18 13:08:45 8768 [Note] InnoDB: The log sequence numbers 1771182 and 1771182 in ibdata files do not match the log sequence number 1813663 in the ib_logfiles!
2019-05-18 13:08:45 8768 [Note] InnoDB: Database was not shutdown normally!
2019-05-18 13:08:45 8768 [Note] InnoDB: Starting crash recovery.
2019-05-18 13:08:45 8768 [Note] InnoDB: Reading tablespace information from the .ibd files...
2019-05-18 13:08:45 8768 [Note] InnoDB: Restoring possible half-written data pages 
2019-05-18 13:08:45 8768 [Note] InnoDB: from the doublewrite buffer...
2019-05-18 13:08:46 8768 [Note] InnoDB: 128 rollback segment(s) are active.
2019-05-18 13:08:46 8768 [Note] InnoDB: Waiting for purge to start
2019-05-18 13:08:46 8768 [Note] InnoDB: 5.6.35 started; log sequence number 1813663
2019-05-18 13:08:46 8768 [Note] Server hostname (bind-address): '127.0.0.1'; port: 3306
2019-05-18 13:08:46 8768 [Note]   - '127.0.0.1' resolves to '127.0.0.1';
2019-05-18 13:08:46 8768 [Note] Server socket created on IP: '127.0.0.1'.
2019-05-18 13:08:46 8768 [Note] Event Scheduler: Loaded 0 events
2019-05-18 13:08:46 8768 [Note] Execution of init_file 'C:\Users\nhi\Desktop\UniServerZ\core\mysql\bin\mysql-init.txt' started.
2019-05-18 13:08:46 8768 [Note] Execution of init_file 'C:\Users\nhi\Desktop\UniServerZ\core\mysql\bin\mysql-init.txt' ended.
2019-05-18 13:08:46 8768 [Note] C:\Users\nhi\Desktop\UniServerZ\core\mysql\bin\mysqld_z.exe: ready for connections.
Version: '5.6.35'  socket: ''  port: 3306  MySQL Community Server (GPL)
2019-05-18 13:08:53 12548 [Note] Plugin 'FEDERATED' is disabled.
2019-05-18 13:08:53 12548 [Note] InnoDB: Using atomics to ref count buffer pool pages
2019-05-18 13:08:53 12548 [Note] InnoDB: The InnoDB memory heap is disabled
2019-05-18 13:08:53 12548 [Note] InnoDB: Mutexes and rw_locks use Windows interlocked functions
2019-05-18 13:08:53 12548 [Note] InnoDB: Memory barrier is not used
2019-05-18 13:08:53 12548 [Note] InnoDB: Compressed tables use zlib 1.2.3
2019-05-18 13:08:53 12548 [Note] InnoDB: Not using CPU crc32 instructions
2019-05-18 13:08:53 12548 [Note] InnoDB: Initializing buffer pool, size = 32.0M
2019-05-18 13:08:53 12548 [Note] InnoDB: Completed initialization of buffer pool
2019-05-18 13:08:53 12548 [Note] InnoDB: Highest supported file format is Barracuda.
2019-05-18 13:08:53 12548 [Note] InnoDB: The log sequence numbers 1771182 and 1771182 in ibdata files do not match the log sequence number 1813663 in the ib_logfiles!
2019-05-18 13:08:53 12548 [Note] InnoDB: Database was not shutdown normally!
2019-05-18 13:08:53 12548 [Note] InnoDB: Starting crash recovery.
2019-05-18 13:08:53 12548 [Note] InnoDB: Reading tablespace information from the .ibd files...
2019-05-18 13:08:53 12548 [Note] InnoDB: Restoring possible half-written data pages 
2019-05-18 13:08:53 12548 [Note] InnoDB: from the doublewrite buffer...
2019-05-18 13:08:53 12548 [Note] InnoDB: 128 rollback segment(s) are active.
2019-05-18 13:08:53 12548 [Note] InnoDB: Waiting for purge to start
2019-05-18 13:08:53 12548 [Note] InnoDB: 5.6.35 started; log sequence number 1813663
2019-05-18 13:08:53 12548 [Note] Server hostname (bind-address): '127.0.0.1'; port: 3306
2019-05-18 13:08:53 12548 [Note]   - '127.0.0.1' resolves to '127.0.0.1';
2019-05-18 13:08:53 12548 [Note] Server socket created on IP: '127.0.0.1'.
2019-05-18 13:08:53 12548 [Note] Event Scheduler: Loaded 0 events
2019-05-18 13:08:53 12548 [Note] C:\Users\nhi\Desktop\UniServerZ\core\mysql\bin\mysqld_z.exe: ready for connections.
Version: '5.6.35'  socket: ''  port: 3306  MySQL Community Server (GPL)
2019-05-18 13:09:45 12548 [Note] C:\Users\nhi\Desktop\UniServerZ\core\mysql\bin\mysqld_z.exe: Normal shutdown

2019-05-18 13:09:45 12548 [Note] Giving 0 client threads a chance to die gracefully
2019-05-18 13:09:45 12548 [Note] Event Scheduler: Purging the queue. 0 events
2019-05-18 13:09:45 12548 [Note] Shutting down slave threads
2019-05-18 13:09:45 12548 [Note] Forcefully disconnecting 0 remaining clients
2019-05-18 13:09:45 12548 [Note] Binlog end
2019-05-18 13:09:45 12548 [Note] Shutting down plugin 'partition'
2019-05-18 13:09:45 12548 [Note] Shutting down plugin 'PERFORMANCE_SCHEMA'
2019-05-18 13:09:45 12548 [Note] Shutting down plugin 'INNODB_SYS_DATAFILES'
2019-05-18 13:09:45 12548 [Note] Shutting down plugin 'INNODB_SYS_TABLESPACES'
2019-05-18 13:09:45 12548 [Note] Shutting down plugin 'INNODB_SYS_FOREIGN_COLS'
2019-05-18 13:09:45 12548 [Note] Shutting down plugin 'INNODB_SYS_FOREIGN'
2019-05-18 13:09:45 12548 [Note] Shutting down plugin 'INNODB_SYS_FIELDS'
2019-05-18 13:09:45 12548 [Note] Shutting down plugin 'INNODB_SYS_COLUMNS'
2019-05-18 13:09:45 12548 [Note] Shutting down plugin 'INNODB_SYS_INDEXES'
2019-05-18 13:09:45 12548 [Note] Shutting down plugin 'INNODB_SYS_TABLESTATS'
2019-05-18 13:09:45 12548 [Note] Shutting down plugin 'INNODB_SYS_TABLES'
2019-05-18 13:09:45 12548 [Note] Shutting down plugin 'INNODB_FT_INDEX_TABLE'
2019-05-18 13:09:45 12548 [Note] Shutting down plugin 'INNODB_FT_INDEX_CACHE'
2019-05-18 13:09:45 12548 [Note] Shutting down plugin 'INNODB_FT_CONFIG'
2019-05-18 13:09:45 12548 [Note] Shutting down plugin 'INNODB_FT_BEING_DELETED'
2019-05-18 13:09:45 12548 [Note] Shutting down plugin 'INNODB_FT_DELETED'
2019-05-18 13:09:45 12548 [Note] Shutting down plugin 'INNODB_FT_DEFAULT_STOPWORD'
2019-05-18 13:09:45 12548 [Note] Shutting down plugin 'INNODB_METRICS'
2019-05-18 13:09:45 12548 [Note] Shutting down plugin 'INNODB_BUFFER_POOL_STATS'
2019-05-18 13:09:45 12548 [Note] Shutting down plugin 'INNODB_BUFFER_PAGE_LRU'
2019-05-18 13:09:45 12548 [Note] Shutting down plugin 'INNODB_BUFFER_PAGE'
2019-05-18 13:09:45 12548 [Note] Shutting down plugin 'INNODB_CMP_PER_INDEX_RESET'
2019-05-18 13:09:45 12548 [Note] Shutting down plugin 'INNODB_CMP_PER_INDEX'
2019-05-18 13:09:45 12548 [Note] Shutting down plugin 'INNODB_CMPMEM_RESET'
2019-05-18 13:09:45 12548 [Note] Shutting down plugin 'INNODB_CMPMEM'
2019-05-18 13:09:45 12548 [Note] Shutting down plugin 'INNODB_CMP_RESET'
2019-05-18 13:09:45 12548 [Note] Shutting down plugin 'INNODB_CMP'
2019-05-18 13:09:45 12548 [Note] Shutting down plugin 'INNODB_LOCK_WAITS'
2019-05-18 13:09:45 12548 [Note] Shutting down plugin 'INNODB_LOCKS'
2019-05-18 13:09:45 12548 [Note] Shutting down plugin 'INNODB_TRX'
2019-05-18 13:09:45 12548 [Note] Shutting down plugin 'InnoDB'
2019-05-18 13:09:45 12548 [Note] InnoDB: FTS optimize thread exiting.
2019-05-18 13:09:45 12548 [Note] InnoDB: Starting shutdown...
2019-05-18 13:09:46 12548 [Note] InnoDB: Shutdown completed; log sequence number 1813673
2019-05-18 13:09:46 12548 [Note] Shutting down plugin 'BLACKHOLE'
2019-05-18 13:09:46 12548 [Note] Shutting down plugin 'ARCHIVE'
2019-05-18 13:09:46 12548 [Note] Shutting down plugin 'MRG_MYISAM'
2019-05-18 13:09:46 12548 [Note] Shutting down plugin 'MyISAM'
2019-05-18 13:09:46 12548 [Note] Shutting down plugin 'MEMORY'
2019-05-18 13:09:46 12548 [Note] Shutting down plugin 'CSV'
2019-05-18 13:09:46 12548 [Note] Shutting down plugin 'sha256_password'
2019-05-18 13:09:46 12548 [Note] Shutting down plugin 'mysql_old_password'
2019-05-18 13:09:46 12548 [Note] Shutting down plugin 'mysql_native_password'
2019-05-18 13:09:46 12548 [Note] Shutting down plugin 'binlog'
2019-05-18 13:09:46 12548 [Note] C:\Users\nhi\Desktop\UniServerZ\core\mysql\bin\mysqld_z.exe: Shutdown complete

2019-05-18 13:09:47 13680 [Note] Plugin 'FEDERATED' is disabled.
2019-05-18 13:09:47 13680 [Note] InnoDB: Using atomics to ref count buffer pool pages
2019-05-18 13:09:47 13680 [Note] InnoDB: The InnoDB memory heap is disabled
2019-05-18 13:09:47 13680 [Note] InnoDB: Mutexes and rw_locks use Windows interlocked functions
2019-05-18 13:09:47 13680 [Note] InnoDB: Memory barrier is not used
2019-05-18 13:09:47 13680 [Note] InnoDB: Compressed tables use zlib 1.2.3
2019-05-18 13:09:47 13680 [Note] InnoDB: Not using CPU crc32 instructions
2019-05-18 13:09:47 13680 [Note] InnoDB: Initializing buffer pool, size = 32.0M
2019-05-18 13:09:47 13680 [Note] InnoDB: Completed initialization of buffer pool
2019-05-18 13:09:47 13680 [Note] InnoDB: Highest supported file format is Barracuda.
2019-05-18 13:09:47 13680 [Note] InnoDB: 128 rollback segment(s) are active.
2019-05-18 13:09:47 13680 [Note] InnoDB: Waiting for purge to start
2019-05-18 13:09:47 13680 [Note] InnoDB: 5.6.35 started; log sequence number 1813673
2019-05-18 13:09:47 13680 [Note] Server hostname (bind-address): '127.0.0.1'; port: 3306
2019-05-18 13:09:47 13680 [Note]   - '127.0.0.1' resolves to '127.0.0.1';
2019-05-18 13:09:47 13680 [Note] Server socket created on IP: '127.0.0.1'.
2019-05-18 13:09:47 13680 [Note] Event Scheduler: Loaded 0 events
2019-05-18 13:09:47 13680 [Note] C:\Users\nhi\Desktop\UniServerZ\core\mysql\bin\mysqld_z.exe: ready for connections.
Version: '5.6.35'  socket: ''  port: 3306  MySQL Community Server (GPL)
2019-05-18 13:10:06 13680 [Note] C:\Users\nhi\Desktop\UniServerZ\core\mysql\bin\mysqld_z.exe: Normal shutdown

2019-05-18 13:10:06 13680 [Note] Giving 0 client threads a chance to die gracefully
2019-05-18 13:10:06 13680 [Note] Event Scheduler: Purging the queue. 0 events
2019-05-18 13:10:06 13680 [Note] Shutting down slave threads
2019-05-18 13:10:06 13680 [Note] Forcefully disconnecting 0 remaining clients
2019-05-18 13:10:06 13680 [Note] Binlog end
2019-05-18 13:10:06 13680 [Note] Shutting down plugin 'partition'
2019-05-18 13:10:06 13680 [Note] Shutting down plugin 'PERFORMANCE_SCHEMA'
2019-05-18 13:10:06 13680 [Note] Shutting down plugin 'INNODB_SYS_DATAFILES'
2019-05-18 13:10:06 13680 [Note] Shutting down plugin 'INNODB_SYS_TABLESPACES'
2019-05-18 13:10:06 13680 [Note] Shutting down plugin 'INNODB_SYS_FOREIGN_COLS'
2019-05-18 13:10:06 13680 [Note] Shutting down plugin 'INNODB_SYS_FOREIGN'
2019-05-18 13:10:06 13680 [Note] Shutting down plugin 'INNODB_SYS_FIELDS'
2019-05-18 13:10:06 13680 [Note] Shutting down plugin 'INNODB_SYS_COLUMNS'
2019-05-18 13:10:06 13680 [Note] Shutting down plugin 'INNODB_SYS_INDEXES'
2019-05-18 13:10:06 13680 [Note] Shutting down plugin 'INNODB_SYS_TABLESTATS'
2019-05-18 13:10:06 13680 [Note] Shutting down plugin 'INNODB_SYS_TABLES'
2019-05-18 13:10:06 13680 [Note] Shutting down plugin 'INNODB_FT_INDEX_TABLE'
2019-05-18 13:10:06 13680 [Note] Shutting down plugin 'INNODB_FT_INDEX_CACHE'
2019-05-18 13:10:06 13680 [Note] Shutting down plugin 'INNODB_FT_CONFIG'
2019-05-18 13:10:06 13680 [Note] Shutting down plugin 'INNODB_FT_BEING_DELETED'
2019-05-18 13:10:06 13680 [Note] Shutting down plugin 'INNODB_FT_DELETED'
2019-05-18 13:10:06 13680 [Note] Shutting down plugin 'INNODB_FT_DEFAULT_STOPWORD'
2019-05-18 13:10:06 13680 [Note] Shutting down plugin 'INNODB_METRICS'
2019-05-18 13:10:06 13680 [Note] Shutting down plugin 'INNODB_BUFFER_POOL_STATS'
2019-05-18 13:10:06 13680 [Note] Shutting down plugin 'INNODB_BUFFER_PAGE_LRU'
2019-05-18 13:10:06 13680 [Note] Shutting down plugin 'INNODB_BUFFER_PAGE'
2019-05-18 13:10:06 13680 [Note] Shutting down plugin 'INNODB_CMP_PER_INDEX_RESET'
2019-05-18 13:10:06 13680 [Note] Shutting down plugin 'INNODB_CMP_PER_INDEX'
2019-05-18 13:10:06 13680 [Note] Shutting down plugin 'INNODB_CMPMEM_RESET'
2019-05-18 13:10:06 13680 [Note] Shutting down plugin 'INNODB_CMPMEM'
2019-05-18 13:10:06 13680 [Note] Shutting down plugin 'INNODB_CMP_RESET'
2019-05-18 13:10:06 13680 [Note] Shutting down plugin 'INNODB_CMP'
2019-05-18 13:10:06 13680 [Note] Shutting down plugin 'INNODB_LOCK_WAITS'
2019-05-18 13:10:06 13680 [Note] Shutting down plugin 'INNODB_LOCKS'
2019-05-18 13:10:06 13680 [Note] Shutting down plugin 'INNODB_TRX'
2019-05-18 13:10:06 13680 [Note] Shutting down plugin 'InnoDB'
2019-05-18 13:10:06 13680 [Note] InnoDB: FTS optimize thread exiting.
2019-05-18 13:10:06 13680 [Note] InnoDB: Starting shutdown...
2019-05-18 13:10:07 13680 [Note] InnoDB: Shutdown completed; log sequence number 1813683
2019-05-18 13:10:07 13680 [Note] Shutting down plugin 'BLACKHOLE'
2019-05-18 13:10:07 13680 [Note] Shutting down plugin 'ARCHIVE'
2019-05-18 13:10:07 13680 [Note] Shutting down plugin 'MRG_MYISAM'
2019-05-18 13:10:07 13680 [Note] Shutting down plugin 'MyISAM'
2019-05-18 13:10:07 13680 [Note] Shutting down plugin 'MEMORY'
2019-05-18 13:10:07 13680 [Note] Shutting down plugin 'CSV'
2019-05-18 13:10:07 13680 [Note] Shutting down plugin 'sha256_password'
2019-05-18 13:10:07 13680 [Note] Shutting down plugin 'mysql_old_password'
2019-05-18 13:10:07 13680 [Note] Shutting down plugin 'mysql_native_password'
2019-05-18 13:10:07 13680 [Note] Shutting down plugin 'binlog'
2019-05-18 13:10:07 13680 [Note] C:\Users\nhi\Desktop\UniServerZ\core\mysql\bin\mysqld_z.exe: Shutdown complete

2019-05-18 13:10:21 16196 [Note] Plugin 'FEDERATED' is disabled.
2019-05-18 13:10:21 16196 [Note] InnoDB: Using atomics to ref count buffer pool pages
2019-05-18 13:10:21 16196 [Note] InnoDB: The InnoDB memory heap is disabled
2019-05-18 13:10:21 16196 [Note] InnoDB: Mutexes and rw_locks use Windows interlocked functions
2019-05-18 13:10:21 16196 [Note] InnoDB: Memory barrier is not used
2019-05-18 13:10:21 16196 [Note] InnoDB: Compressed tables use zlib 1.2.3
2019-05-18 13:10:21 16196 [Note] InnoDB: Not using CPU crc32 instructions
2019-05-18 13:10:21 16196 [Note] InnoDB: Initializing buffer pool, size = 32.0M
2019-05-18 13:10:21 16196 [Note] InnoDB: Completed initialization of buffer pool
2019-05-18 13:10:21 16196 [Note] InnoDB: Highest supported file format is Barracuda.
2019-05-18 13:10:21 16196 [Note] InnoDB: 128 rollback segment(s) are active.
2019-05-18 13:10:21 16196 [Note] InnoDB: Waiting for purge to start
2019-05-18 13:10:21 16196 [Note] InnoDB: 5.6.35 started; log sequence number 1813683
2019-05-18 13:10:21 16196 [Note] Server hostname (bind-address): '127.0.0.1'; port: 3306
2019-05-18 13:10:21 16196 [Note]   - '127.0.0.1' resolves to '127.0.0.1';
2019-05-18 13:10:21 16196 [Note] Server socket created on IP: '127.0.0.1'.
2019-05-18 13:10:21 16196 [Note] Event Scheduler: Loaded 0 events
2019-05-18 13:10:21 16196 [Note] C:\Users\nhi\Desktop\UniServerZ\core\mysql\bin\mysqld_z.exe: ready for connections.
Version: '5.6.35'  socket: ''  port: 3306  MySQL Community Server (GPL)
2019-05-18 13:39:33 7844 [Note] Plugin 'FEDERATED' is disabled.
2019-05-18 13:39:33 7844 [Note] InnoDB: Using atomics to ref count buffer pool pages
2019-05-18 13:39:33 7844 [Note] InnoDB: The InnoDB memory heap is disabled
2019-05-18 13:39:33 7844 [Note] InnoDB: Mutexes and rw_locks use Windows interlocked functions
2019-05-18 13:39:33 7844 [Note] InnoDB: Memory barrier is not used
2019-05-18 13:39:33 7844 [Note] InnoDB: Compressed tables use zlib 1.2.3
2019-05-18 13:39:33 7844 [Note] InnoDB: Not using CPU crc32 instructions
2019-05-18 13:39:33 7844 [Note] InnoDB: Initializing buffer pool, size = 32.0M
2019-05-18 13:39:33 7844 [Note] InnoDB: Completed initialization of buffer pool
2019-05-18 13:39:33 7844 [Note] InnoDB: Highest supported file format is Barracuda.
2019-05-18 13:39:33 7844 [Note] InnoDB: The log sequence numbers 1813683 and 1813683 in ibdata files do not match the log sequence number 1890161 in the ib_logfiles!
2019-05-18 13:39:33 7844 [Note] InnoDB: Database was not shutdown normally!
2019-05-18 13:39:33 7844 [Note] InnoDB: Starting crash recovery.
2019-05-18 13:39:33 7844 [Note] InnoDB: Reading tablespace information from the .ibd files...
2019-05-18 13:39:33 7844 [Note] InnoDB: Restoring possible half-written data pages 
2019-05-18 13:39:33 7844 [Note] InnoDB: from the doublewrite buffer...
2019-05-18 13:39:33 7844 [Note] InnoDB: 128 rollback segment(s) are active.
2019-05-18 13:39:33 7844 [Note] InnoDB: Waiting for purge to start
2019-05-18 13:39:33 7844 [Note] InnoDB: 5.6.35 started; log sequence number 1890161
2019-05-18 13:39:33 7844 [Note] Server hostname (bind-address): '127.0.0.1'; port: 3306
2019-05-18 13:39:33 7844 [Note]   - '127.0.0.1' resolves to '127.0.0.1';
2019-05-18 13:39:33 7844 [Note] Server socket created on IP: '127.0.0.1'.
2019-05-18 13:39:33 7844 [Note] Event Scheduler: Loaded 0 events
2019-05-18 13:39:33 7844 [Note] C:\Users\nhi\Desktop\UniServerZ\core\mysql\bin\mysqld_z.exe: ready for connections.
Version: '5.6.35'  socket: ''  port: 3306  MySQL Community Server (GPL)
2019-05-18 16:49:45 7844 [Note] C:\Users\nhi\Desktop\UniServerZ\core\mysql\bin\mysqld_z.exe: Normal shutdown

2019-05-18 16:49:45 7844 [Note] Giving 0 client threads a chance to die gracefully
2019-05-18 16:49:45 7844 [Note] Event Scheduler: Purging the queue. 0 events
2019-05-18 16:49:45 7844 [Note] Shutting down slave threads
2019-05-18 16:49:45 7844 [Note] Forcefully disconnecting 0 remaining clients
2019-05-18 16:49:45 7844 [Note] Binlog end
2019-05-18 16:49:45 7844 [Note] Shutting down plugin 'partition'
2019-05-18 16:49:45 7844 [Note] Shutting down plugin 'PERFORMANCE_SCHEMA'
2019-05-18 16:49:45 7844 [Note] Shutting down plugin 'INNODB_SYS_DATAFILES'
2019-05-18 16:49:45 7844 [Note] Shutting down plugin 'INNODB_SYS_TABLESPACES'
2019-05-18 16:49:45 7844 [Note] Shutting down plugin 'INNODB_SYS_FOREIGN_COLS'
2019-05-18 16:49:45 7844 [Note] Shutting down plugin 'INNODB_SYS_FOREIGN'
2019-05-18 16:49:45 7844 [Note] Shutting down plugin 'INNODB_SYS_FIELDS'
2019-05-18 16:49:45 7844 [Note] Shutting down plugin 'INNODB_SYS_COLUMNS'
2019-05-18 16:49:45 7844 [Note] Shutting down plugin 'INNODB_SYS_INDEXES'
2019-05-18 16:49:45 7844 [Note] Shutting down plugin 'INNODB_SYS_TABLESTATS'
2019-05-18 16:49:45 7844 [Note] Shutting down plugin 'INNODB_SYS_TABLES'
2019-05-18 16:49:45 7844 [Note] Shutting down plugin 'INNODB_FT_INDEX_TABLE'
2019-05-18 16:49:45 7844 [Note] Shutting down plugin 'INNODB_FT_INDEX_CACHE'
2019-05-18 16:49:45 7844 [Note] Shutting down plugin 'INNODB_FT_CONFIG'
2019-05-18 16:49:45 7844 [Note] Shutting down plugin 'INNODB_FT_BEING_DELETED'
2019-05-18 16:49:45 7844 [Note] Shutting down plugin 'INNODB_FT_DELETED'
2019-05-18 16:49:45 7844 [Note] Shutting down plugin 'INNODB_FT_DEFAULT_STOPWORD'
2019-05-18 16:49:45 7844 [Note] Shutting down plugin 'INNODB_METRICS'
2019-05-18 16:49:45 7844 [Note] Shutting down plugin 'INNODB_BUFFER_POOL_STATS'
2019-05-18 16:49:45 7844 [Note] Shutting down plugin 'INNODB_BUFFER_PAGE_LRU'
2019-05-18 16:49:45 7844 [Note] Shutting down plugin 'INNODB_BUFFER_PAGE'
2019-05-18 16:49:45 7844 [Note] Shutting down plugin 'INNODB_CMP_PER_INDEX_RESET'
2019-05-18 16:49:45 7844 [Note] Shutting down plugin 'INNODB_CMP_PER_INDEX'
2019-05-18 16:49:45 7844 [Note] Shutting down plugin 'INNODB_CMPMEM_RESET'
2019-05-18 16:49:45 7844 [Note] Shutting down plugin 'INNODB_CMPMEM'
2019-05-18 16:49:45 7844 [Note] Shutting down plugin 'INNODB_CMP_RESET'
2019-05-18 16:49:45 7844 [Note] Shutting down plugin 'INNODB_CMP'
2019-05-18 16:49:45 7844 [Note] Shutting down plugin 'INNODB_LOCK_WAITS'
2019-05-18 16:49:45 7844 [Note] Shutting down plugin 'INNODB_LOCKS'
2019-05-18 16:49:45 7844 [Note] Shutting down plugin 'INNODB_TRX'
2019-05-18 16:49:45 7844 [Note] Shutting down plugin 'InnoDB'
2019-05-18 16:49:45 7844 [Note] InnoDB: FTS optimize thread exiting.
2019-05-18 16:49:45 7844 [Note] InnoDB: Starting shutdown...
2019-05-18 16:49:47 7844 [Note] InnoDB: Shutdown completed; log sequence number 1938870
2019-05-18 16:49:47 7844 [Note] Shutting down plugin 'BLACKHOLE'
2019-05-18 16:49:47 7844 [Note] Shutting down plugin 'ARCHIVE'
2019-05-18 16:49:47 7844 [Note] Shutting down plugin 'MRG_MYISAM'
2019-05-18 16:49:47 7844 [Note] Shutting down plugin 'MyISAM'
2019-05-18 16:49:47 7844 [Note] Shutting down plugin 'MEMORY'
2019-05-18 16:49:47 7844 [Note] Shutting down plugin 'CSV'
2019-05-18 16:49:47 7844 [Note] Shutting down plugin 'sha256_password'
2019-05-18 16:49:47 7844 [Note] Shutting down plugin 'mysql_old_password'
2019-05-18 16:49:47 7844 [Note] Shutting down plugin 'mysql_native_password'
2019-05-18 16:49:47 7844 [Note] Shutting down plugin 'binlog'
2019-05-18 16:49:47 7844 [Note] C:\Users\nhi\Desktop\UniServerZ\core\mysql\bin\mysqld_z.exe: Shutdown complete

